<?xml version="1.0" encoding="UTF-8"?>
<!-- Generated by org.testng.reporters.JUnitReportReporter -->
<testsuite hostname="LAPTOP-Q2A6QPIS" failures="0" tests="1" name="phpwebsite.NewTest" time="6.791" errors="0" timestamp="15 Sep 2020 18:26:43 GMT" skipped="0">
  <testcase classname="phpwebsite.NewTest" name="verify" time="6.791"/>
</testsuite> <!-- phpwebsite.NewTest -->
