<?xml version="1.0" encoding="UTF-8"?>
<!-- Generated by org.testng.reporters.JUnitReportReporter -->
<testsuite hostname="LAPTOP-Q2A6QPIS" failures="0" tests="1" name="phpwebsite.NewTest" time="7.100" errors="0" timestamp="16 Sep 2020 13:06:29 GMT" skipped="0">
  <testcase classname="phpwebsite.NewTest" name="verify" time="7.100"/>
</testsuite> <!-- phpwebsite.NewTest -->
